Arguments: 
  /data/data/com.termux/files/usr/bin/node /data/data/com.termux/files/usr/share/yarn/bin/yarn.js add global heroku-cli@latest

PATH: 
  /data/data/com.termux/files/usr/bin

Yarn version: 
  1.22.15

Node version: 
  17.0.1

Platform: 
  android arm64

Trace: 
  Error: EACCES: permission denied, symlink '../uuid/dist/bin/uuid' -> '/storage/emulated/0/Project/black-tea/node_modules/@heroku-cli/command/node_modules/.bin/uuid'

npm manifest: 
  {
    "name": "black-tea",
    "version": "1.0.0",
    "description": "",
    "main": "bot.js",
    "scripts": {
      "start": "node ./bot.js",
      "test": "echo \"Error: no test specified\" && exit 1"
    },
    "author": "",
    "license": "ISC",
    "dependencies": {
      "@discordjs/voice": "^0.7.2",
      "discord.js": "^13.3.1",
      "dotenv": "^10.0.0",
      "got": "^11.8.2",
      "libsodium-wrappers": "^0.7.9"
    }
  }

yarn manifest: 
  No manifest

Lockfile: 
  No lockfile
